[error]here are example errrrror
[endSession]

[warn]here is example warn
[info]this is info
[endSession]

[error]here are example errrrror
[endSession]

[warn]here is example warn
[info]this is info
[endSession]

[error]here are example errrrror
[endSession]

[warn]here is example warn
[info]this is info
[endSession]

[error]here are example errrrror
[endSession]

[warn]1574106034here is example warn
[info]this is info
[endSession]

[error]here are example errrrror
[endSession]

[warn]Mon Nov 18 21:27:35 2019
here is example warn
[info]this is info
[endSession]

[error]here are example errrrror
[endSession]
[info]here is example warn
[info]this is info
[endSession]
[error]here are example errrrror
[endSession]
[info]here is example warn
[info]this is info
[endSession]
[error]here are example errrrror
[endSession]
[info]here is example warn
[info]this is info
[endSession]
[error]here are example errrrror
[endSession]
[info]here is example warn
[info]this is info
[endSession]
[error]here are example errrrror
[endSession]
[info]here is example warn
[info]this is info
[endSession]
